This file contains any messages produced by compilers while
running configure, to aid debugging if configure makes a mistake.

It was created by configure, which was
generated by GNU Autoconf 2.57.  Invocation command line was

  $ ./configure --prefix=/boot/home/config

## --------- ##
## Platform. ##
## --------- ##

hostname = SynapsE
uname -m = BePC
uname -r = 5.0.4
uname -s = BeOS
uname -v = 1000009

/usr/bin/uname -p = unknown
/bin/uname -X     = unknown

/bin/arch              = unknown
/usr/bin/arch -k       = unknown
/usr/convex/getsysinfo = unknown
hostinfo               = unknown
/bin/machine           = unknown
/usr/bin/oslevel       = unknown
/bin/universe          = unknown

PATH: .
PATH: /boot/home/config/bin
PATH: /bin
PATH: /boot/apps
PATH: /boot/preferences
PATH: /boot/beos/apps
PATH: /boot/beos/preferences
PATH: /boot/develop/tools/gnupro/bin
PATH: /boot/home/bekaffe/bin


## ----------- ##
## Core tests. ##
## ----------- ##

configure:1336: checking for gcc
configure:1352: found /boot/develop/tools/gnupro/bin/gcc
configure:1362: result: gcc
configure:1606: checking for C compiler version
configure:1609: gcc --version </dev/null >&5
2.95.3
configure:1612: $? = 0
configure:1614: gcc -v </dev/null >&5
Reading specs from /boot/develop/tools/gnupro/lib/gcc-lib/i586-pc-beos/2.95.3/specs
gcc version 2.95.3 20010315 (release)
configure:1617: $? = 0
configure:1619: gcc -V </dev/null >&5
gcc: argument to `-V' is missing
configure:1622: $? = 1
configure:1646: checking for C compiler default output
configure:1649: gcc    conftest.c  >&5
configure:1652: $? = 0
configure:1698: result: conftest
configure:1703: checking whether the C compiler works
configure:1709: ./conftest
configure:1712: $? = 0
configure:1729: result: yes
configure:1736: checking whether we are cross compiling
configure:1738: result: no
configure:1741: checking for suffix of executables
configure:1743: gcc -o conftest    conftest.c  >&5
configure:1746: $? = 0
configure:1771: result: 
configure:1777: checking for suffix of object files
configure:1799: gcc -c   conftest.c >&5
configure:1802: $? = 0
configure:1824: result: o
configure:1828: checking whether we are using the GNU C compiler
configure:1853: gcc -c   conftest.c >&5
configure:1856: $? = 0
configure:1859: test -s conftest.o
configure:1862: $? = 0
configure:1875: result: yes
configure:1881: checking whether gcc accepts -g
configure:1903: gcc -c -g  conftest.c >&5
configure:1906: $? = 0
configure:1909: test -s conftest.o
configure:1912: $? = 0
configure:1923: result: yes
configure:1940: checking for gcc option to accept ANSI C
configure:2001: gcc  -c -g -O2  conftest.c >&5
configure:2004: $? = 0
configure:2007: test -s conftest.o
configure:2010: $? = 0
configure:2028: result: none needed
configure:2046: gcc -c -g -O2  conftest.c >&5
conftest.c:2: parse error before `me'
configure:2049: $? = 1
configure: failed program was:
| #ifndef __cplusplus
|   choke me
| #endif
configure:2163: checking how to run the C preprocessor
configure:2199: gcc -E  conftest.c
configure:2205: $? = 0
configure:2237: gcc -E  conftest.c
configure:2236: ac_nonexistent.h: No such file or directory
configure:2243: $? = 1
configure: failed program was:
| #line 2228 "configure"
| /* confdefs.h.  */
| 
| #define PACKAGE_NAME ""
| #define PACKAGE_TARNAME ""
| #define PACKAGE_VERSION ""
| #define PACKAGE_STRING ""
| #define PACKAGE_BUGREPORT ""
| /* end confdefs.h.  */
| #include <ac_nonexistent.h>
configure:2281: result: gcc -E
configure:2306: gcc -E  conftest.c
configure:2312: $? = 0
configure:2344: gcc -E  conftest.c
configure:2343: ac_nonexistent.h: No such file or directory
configure:2350: $? = 1
configure: failed program was:
| #line 2335 "configure"
| /* confdefs.h.  */
| 
| #define PACKAGE_NAME ""
| #define PACKAGE_TARNAME ""
| #define PACKAGE_VERSION ""
| #define PACKAGE_STRING ""
| #define PACKAGE_BUGREPORT ""
| /* end confdefs.h.  */
| #include <ac_nonexistent.h>
configure:2429: checking for a BSD-compatible install
configure:2483: result: /bin/install -c
configure:2535: checking for ranlib
configure:2551: found /boot/develop/tools/gnupro/bin/ranlib
configure:2562: result: ranlib
configure:2574: checking whether ln -s works
configure:2578: result: yes
configure:2586: checking for an ANSI C-conforming const
configure:2654: gcc -c -g -O2  conftest.c >&5
configure:2657: $? = 0
configure:2660: test -s conftest.o
configure:2663: $? = 0
configure:2674: result: yes
configure:2687: checking for gmake
configure:2718: result: no
configure:2729: checking for make
configure:2747: found /bin/make
configure:2760: result: /bin/make
configure:2818: checking for ar
configure:2834: found /boot/develop/tools/gnupro/bin/ar
configure:2845: result: ar
configure:2905: checking for strip
configure:2921: found /boot/develop/tools/gnupro/bin/strip
configure:2932: result: strip
configure:2954: checking whether byte ordering is bigendian
configure:2982: gcc -c -g -O2  conftest.c >&5
configure: In function `main':
configure:2975: `bogus' undeclared (first use in this function)
configure:2975: (Each undeclared identifier is reported only once
configure:2975: for each function it appears in.)
configure:2975: parse error before `endian'
configure:2985: $? = 1
configure: failed program was:
| #line 2960 "configure"
| /* confdefs.h.  */
| 
| #define PACKAGE_NAME ""
| #define PACKAGE_TARNAME ""
| #define PACKAGE_VERSION ""
| #define PACKAGE_STRING ""
| #define PACKAGE_BUGREPORT ""
| /* end confdefs.h.  */
| #include <sys/types.h>
| #include <sys/param.h>
| 
| int
| main ()
| {
| #if !BYTE_ORDER || !BIG_ENDIAN || !LITTLE_ENDIAN
|  bogus endian macros
| #endif
| 
|   ;
|   return 0;
| }
configure:3115: gcc -o conftest -g -O2   conftest.c  >&5
configure:3118: $? = 0
configure:3120: ./conftest
configure:3123: $? = 0
configure:3139: result: no
configure:3166: checking for uintXX_t types
configure:3197: gcc -c -g -O2  conftest.c >&5
configure:3188: stdint.h: No such file or directory
configure:3200: $? = 1
configure: failed program was:
| #line 3180 "configure"
| /* confdefs.h.  */
| 
| #define PACKAGE_NAME ""
| #define PACKAGE_TARNAME ""
| #define PACKAGE_VERSION ""
| #define PACKAGE_STRING ""
| #define PACKAGE_BUGREPORT ""
| /* end confdefs.h.  */
| #include <stdint.h>
| int
| main ()
| {
| uint32_t foo
|   ;
|   return 0;
| }
configure:3197: gcc -c -g -O2  conftest.c >&5
configure:3200: $? = 0
configure:3203: test -s conftest.o
configure:3206: $? = 0
configure:3219: result: found in <inttypes.h>
configure:3265: checking for t_accept in -lnsl
configure:3296: gcc -o conftest -g -O2   conftest.c -lnsl   >&5
/boot/develop/tools/gnupro/i586-pc-beos/bin/ld: cannot find -lnsl
collect2: ld returned 1 exit status
configure:3299: $? = 1
configure: failed program was:
| #line 3272 "configure"
| /* confdefs.h.  */
| 
| #define PACKAGE_NAME ""
| #define PACKAGE_TARNAME ""
| #define PACKAGE_VERSION ""
| #define PACKAGE_STRING ""
| #define PACKAGE_BUGREPORT ""
| /* end confdefs.h.  */
| 
| /* Override any gcc2 internal prototype to avoid an error.  */
| #ifdef __cplusplus
| extern "C"
| #endif
| /* We use char because int might match the return type of a gcc2
|    builtin and then its argument prototype would still apply.  */
| char t_accept ();
| int
| main ()
| {
| t_accept ();
|   ;
|   return 0;
| }
configure:3317: result: no
configure:3323: checking for socket in -lsocket
configure:3354: gcc -o conftest -g -O2   conftest.c -lsocket   >&5
configure:3357: $? = 0
configure:3360: test -s conftest
configure:3363: $? = 0
configure:3375: result: yes
configure:3391: checking for __inet_addr in -lbind
configure:3422: gcc -o conftest -g -O2   conftest.c -lbind   -lsocket >&5
configure:3425: $? = 0
configure:3428: test -s conftest
configure:3431: $? = 0
configure:3443: result: yes
configure:3455: checking for gethostbyname_r
configure:3505: gcc -o conftest -g -O2   conftest.c  -lsocket -lbind >&5
configure:3508: $? = 0
configure:3511: test -s conftest
configure:3514: $? = 0
configure:3525: result: yes
configure:3539: checking for va_copy
configure:3558: gcc -o conftest -g -O2   conftest.c  -lsocket -lbind >&5
/tmp/ccCbE2Rx.o: In function `main':
/boot/home/BeGadu/libgadu/configure:3554: undefined reference to `va_copy'
collect2: ld returned 1 exit status
configure:3561: $? = 1
configure: failed program was:
| #line 3541 "configure"
| /* confdefs.h.  */
| 
| #define PACKAGE_NAME ""
| #define PACKAGE_TARNAME ""
| #define PACKAGE_VERSION ""
| #define PACKAGE_STRING ""
| #define PACKAGE_BUGREPORT ""
| #define HAVE_GETHOSTBYNAME_R 1
| /* end confdefs.h.  */
| #include <stdarg.h>
| int
| main ()
| {
| va_list a, b; va_copy(a, b);
|   ;
|   return 0;
| }
configure:3582: result: no
configure:3588: checking for __va_copy
configure:3607: gcc -o conftest -g -O2   conftest.c  -lsocket -lbind >&5
configure:3610: $? = 0
configure:3613: test -s conftest
configure:3616: $? = 0
configure:3619: result: yes
configure:3706: checking for C99-compatible vsnprintf()
configure:3732: gcc -o conftest -g -O2   conftest.c  -lsocket -lbind >&5
configure:3735: $? = 0
configure:3737: ./conftest
configure:3740: $? = 0
configure:3743: result: yes
configure:4182: checking for long long
configure:4205: gcc -c -g -O2  conftest.c >&5
configure:4208: $? = 0
configure:4211: test -s conftest.o
configure:4214: $? = 0
configure:4217: result: yes
configure:4250: checking for pkg-config
configure:4277: result: no
configure:4307: checking for ssl.h
configure:4407: result: not found
configure:4527: creating ./config.status

## ---------------------- ##
## Running config.status. ##
## ---------------------- ##

This file was extended by config.status, which was
generated by GNU Autoconf 2.57.  Invocation command line was

  CONFIG_FILES    = 
  CONFIG_HEADERS  = 
  CONFIG_LINKS    = 
  CONFIG_COMMANDS = 
  $ ./config.status 

on SynapsE

config.status:655: creating Makefile
config.status:655: creating lib/Makefile
config.status:655: creating examples/Makefile
config.status:655: creating lib/libgadu.pc
config.status:759: creating config.h
config.status:842: config.h is unchanged

## ---------------- ##
## Cache variables. ##
## ---------------- ##

ac_cv_c_bigendian=no
ac_cv_c_compiler_gnu=yes
ac_cv_c_const=yes
ac_cv_env_CC_set=
ac_cv_env_CC_value=
ac_cv_env_CFLAGS_set=
ac_cv_env_CFLAGS_value=
ac_cv_env_CPPFLAGS_set=
ac_cv_env_CPPFLAGS_value=
ac_cv_env_CPP_set=
ac_cv_env_CPP_value=
ac_cv_env_LDFLAGS_set=
ac_cv_env_LDFLAGS_value=
ac_cv_env_build_alias_set=
ac_cv_env_build_alias_value=
ac_cv_env_host_alias_set=
ac_cv_env_host_alias_value=
ac_cv_env_target_alias_set=
ac_cv_env_target_alias_value=
ac_cv_exeext=
ac_cv_func_gethostbyname_r=yes
ac_cv_lib_bind___inet_addr=yes
ac_cv_lib_nsl_t_accept=no
ac_cv_lib_socket_socket=yes
ac_cv_objext=o
ac_cv_path_GMAKE=no
ac_cv_path_MAKE=/bin/make
ac_cv_path_install='/bin/install -c'
ac_cv_prog_CPP='gcc -E'
ac_cv_prog_PKGCONFIG=no
ac_cv_prog_ac_ct_AR=ar
ac_cv_prog_ac_ct_CC=gcc
ac_cv_prog_ac_ct_RANLIB=ranlib
ac_cv_prog_ac_ct_STRIP=strip
ac_cv_prog_cc_g=yes
ac_cv_prog_cc_stdc=

## ----------------- ##
## Output variables. ##
## ----------------- ##

AR='ar'
CC='gcc'
CFLAGS='-g -O2'
CFLAGS_LIBGADU=''
CPP='gcc -E'
CPPFLAGS=''
DEFS='-DHAVE_CONFIG_H'
ECHO_C=''
ECHO_N='-n'
ECHO_T=''
EXEEXT=''
GMAKE='no'
INSTALL_DATA='${INSTALL} -m 644'
INSTALL_PROGRAM='${INSTALL}'
INSTALL_SCRIPT='${INSTALL}'
IOCTLD_OBJS=''
LDFLAGS=''
LIBOBJS=''
LIBS=' -lsocket -lbind'
LIBS_LIBGADU='  -lsocket -lbind'
LN_S='ln -s'
LTLIBOBJS=''
MAKE='/bin/make'
OBJEXT='o'
OBJS=''
OPENSSL_INCLUDES=''
OPENSSL_LIBS=''
PACKAGE_BUGREPORT=''
PACKAGE_NAME=''
PACKAGE_STRING=''
PACKAGE_TARNAME=''
PACKAGE_VERSION=''
PATH_SEPARATOR=':'
PKGCONFIG='no'
PTHREAD_CC=''
PTHREAD_CFLAGS=''
PTHREAD_LIBS=''
RANLIB='ranlib'
SHELL='/bin/sh'
STRIP='strip'
ac_ct_AR='ar'
ac_ct_CC='gcc'
ac_ct_RANLIB='ranlib'
ac_ct_STRIP='strip'
bindir='${exec_prefix}/bin'
build_alias=''
clean_ekg=''
datadir='${prefix}/share'
dep_ekg=''
distclean_ekg=''
ekg=''
exec_prefix='${prefix}'
host_alias=''
includedir='${prefix}/include'
infodir='${prefix}/info'
install_ekg=''
install_ekgwap=''
install_ioctld=''
install_shared=''
install_static='install-static'
ioctld=''
lgadu=''
libdir='${exec_prefix}/lib'
libexecdir='${exec_prefix}/libexec'
libgadu_a=''
localstatedir='${prefix}/var'
make_ekgwap=''
mandir='${prefix}/man'
oldincludedir='/usr/include'
prefix='/boot/home/config'
program_transform_name='s,x,x,'
sbindir='${exec_prefix}/sbin'
shared=''
sharedstatedir='${prefix}/com'
static='static'
strip_ekg=''
strip_ioctld=''
strip_libgadu_so=''
sysconfdir='${prefix}/etc'
target_alias=''
uninstall_ekg=''

## ----------- ##
## confdefs.h. ##
## ----------- ##

#define HAVE_GETHOSTBYNAME_R 1
#define PACKAGE_BUGREPORT ""
#define PACKAGE_NAME ""
#define PACKAGE_STRING ""
#define PACKAGE_TARNAME ""
#define PACKAGE_VERSION ""

configure: exit 0
